<?xml version="1.0" encoding="UTF-8"?>
<!-- Generated by org.testng.reporters.JUnitXMLReporter -->
<testsuite hostname="HARIBO10" ignored="0" name="Default test" tests="2" failures="0" timestamp="15 Dec 2019 02:10:00 GMT" time="3.385" errors="0">
  <testcase name="ValidateCreateCusyomerAPIWithInvalidKey" time="2.742" classname="com.w2a.API_RestAssuredFramework.testcases.SampleTestCase"/>
  <testcase name="ValidateCreateCusyomerAPIWithValidKey" time="0.614" classname="com.w2a.API_RestAssuredFramework.testcases.SampleTestCase"/>
</testsuite> <!-- Default test -->
